# JRE version: OpenJDK Runtime Environment (8.0_76-b03) (build 1.8.0_76-release-b03)
# Java VM: OpenJDK 64-Bit Server VM (25.76-b03 mixed mode windows-amd64 compressed oops)
Heap:
 PSYoungGen      total 320000K, used 204317K [0x00000000e0000000, 0x00000000fc180000, 0x0000000100000000)
  eden space 226304K, 90% used [0x00000000e0000000,0x00000000ec787510,0x00000000edd00000)
  from space 93696K, 0% used [0x00000000f6600000,0x00000000f6600000,0x00000000fc180000)
  to   space 88576K, 89% used [0x00000000edd00000,0x00000000f2ad8f70,0x00000000f3380000)
 ParOldGen       total 250368K, used 250022K [0x00000000a0000000, 0x00000000af480000, 0x00000000e0000000)
  object space 250368K, 99% used [0x00000000a0000000,0x00000000af429b50,0x00000000af480000)
 Metaspace       used 79606K, capacity 83064K, committed 83248K, reserved 1122304K
  class space    used 10156K, capacity 10954K, committed 11056K, reserved 1048576K
GC Heap History (10 events):
Event: 1383.968 GC heap before
{Heap before GC invocations=51 (full 4):
 PSYoungGen      total 311296K, used 275232K [0x00000000e0000000, 0x00000000f8a00000, 0x0000000100000000)
  eden space 226304K, 100% used [0x00000000e0000000,0x00000000edd00000,0x00000000edd00000)
  from space 84992K, 57% used [0x00000000f3700000,0x00000000f66c8040,0x00000000f8a00000)
  to   space 88576K, 0% used [0x00000000edd00000,0x00000000edd00000,0x00000000f3380000)
 ParOldGen       total 121856K, used 108162K [0x00000000a0000000, 0x00000000a7700000, 0x00000000e0000000)
  object space 121856K, 88% used [0x00000000a0000000,0x00000000a69a0960,0x00000000a7700000)
 Metaspace       used 79557K, capacity 83086K, committed 83248K, reserved 1122304K
  class space    used 10157K, capacity 10959K, committed 11056K, reserved 1048576K
Event: 1384.164 GC heap after
Heap after GC invocations=51 (full 4):
 PSYoungGen      total 314880K, used 69838K [0x00000000e0000000, 0x00000000fc180000, 0x0000000100000000)
  eden space 226304K, 0% used [0x00000000e0000000,0x00000000e0000000,0x00000000edd00000)
  from space 88576K, 78% used [0x00000000edd00000,0x00000000f21339c8,0x00000000f3380000)
  to   space 93696K, 0% used [0x00000000f6600000,0x00000000f6600000,0x00000000fc180000)
 ParOldGen       total 127488K, used 126362K [0x00000000a0000000, 0x00000000a7c80000, 0x00000000e0000000)
  object space 127488K, 99% used [0x00000000a0000000,0x00000000a7b66918,0x00000000a7c80000)
 Metaspace       used 79557K, capacity 83086K, committed 83248K, reserved 1122304K
  class space    used 10157K, capacity 10959K, committed 11056K, reserved 1048576K
}
Event: 1384.164 GC heap before
{Heap before GC invocations=52 (full 5):
 PSYoungGen      total 314880K, used 69838K [0x00000000e0000000, 0x00000000fc180000, 0x0000000100000000)
  eden space 226304K, 0% used [0x00000000e0000000,0x00000000e0000000,0x00000000edd00000)
  from space 88576K, 78% used [0x00000000edd00000,0x00000000f21339c8,0x00000000f3380000)
  to   space 93696K, 0% used [0x00000000f6600000,0x00000000f6600000,0x00000000fc180000)
 ParOldGen       total 127488K, used 126362K [0x00000000a0000000, 0x00000000a7c80000, 0x00000000e0000000)
  object space 127488K, 99% used [0x00000000a0000000,0x00000000a7b66918,0x00000000a7c80000)
 Metaspace       used 79557K, capacity 83086K, committed 83248K, reserved 1122304K
  class space    used 10157K, capacity 10959K, committed 11056K, reserved 1048576K
Event: 1385.394 GC heap after
Heap after GC invocations=52 (full 5):
 PSYoungGen      total 314880K, used 16883K [0x00000000e0000000, 0x00000000fc180000, 0x0000000100000000)
  eden space 226304K, 0% used [0x00000000e0000000,0x00000000e0000000,0x00000000edd00000)
  from space 88576K, 19% used [0x00000000edd00000,0x00000000eed7cc88,0x00000000f3380000)
  to   space 93696K, 0% used [0x00000000f6600000,0x00000000f6600000,0x00000000fc180000)
 ParOldGen       total 250368K, used 127470K [0x00000000a0000000, 0x00000000af480000, 0x00000000e0000000)
  object space 250368K, 50% used [0x00000000a0000000,0x00000000a7c7b958,0x00000000af480000)
 Metaspace       used 79550K, capacity 83064K, committed 83248K, reserved 1122304K
  class space    used 10154K, capacity 10954K, committed 11056K, reserved 1048576K
}
Event: 1385.504 GC heap before
{Heap before GC invocations=53 (full 5):
 PSYoungGen      total 314880K, used 243187K [0x00000000e0000000, 0x00000000fc180000, 0x0000000100000000)
  eden space 226304K, 100% used [0x00000000e0000000,0x00000000edd00000,0x00000000edd00000)
  from space 88576K, 19% used [0x00000000edd00000,0x00000000eed7cc88,0x00000000f3380000)
  to   space 93696K, 0% used [0x00000000f6600000,0x00000000f6600000,0x00000000fc180000)
 ParOldGen       total 250368K, used 127470K [0x00000000a0000000, 0x00000000af480000, 0x00000000e0000000)
  object space 250368K, 50% used [0x00000000a0000000,0x00000000a7c7b958,0x00000000af480000)
 Metaspace       used 79551K, capacity 83064K, committed 83248K, reserved 1122304K
  class space    used 10154K, capacity 10954K, committed 11056K, reserved 1048576K
Event: 1385.575 GC heap after
Heap after GC invocations=53 (full 5):
 PSYoungGen      total 320000K, used 93694K [0x00000000e0000000, 0x00000000fc180000, 0x0000000100000000)
  eden space 226304K, 0% used [0x00000000e0000000,0x00000000e0000000,0x00000000edd00000)
  from space 93696K, 99% used [0x00000000f6600000,0x00000000fc17fad0,0x00000000fc180000)
  to   space 88576K, 0% used [0x00000000edd00000,0x00000000edd00000,0x00000000f3380000)
 ParOldGen       total 250368K, used 185024K [0x00000000a0000000, 0x00000000af480000, 0x00000000e0000000)
  object space 250368K, 73% used [0x00000000a0000000,0x00000000ab4b03e8,0x00000000af480000)
 Metaspace       used 79551K, capacity 83064K, committed 83248K, reserved 1122304K
  class space    used 10154K, capacity 10954K, committed 11056K, reserved 1048576K
}
Event: 1386.035 GC heap before
{Heap before GC invocations=54 (full 5):
 PSYoungGen      total 320000K, used 319998K [0x00000000e0000000, 0x00000000fc180000, 0x0000000100000000)
  eden space 226304K, 100% used [0x00000000e0000000,0x00000000edd00000,0x00000000edd00000)
  from space 93696K, 99% used [0x00000000f6600000,0x00000000fc17fad0,0x00000000fc180000)
  to   space 88576K, 0% used [0x00000000edd00000,0x00000000edd00000,0x00000000f3380000)
 ParOldGen       total 250368K, used 185024K [0x00000000a0000000, 0x00000000af480000, 0x00000000e0000000)
  object space 250368K, 73% used [0x00000000a0000000,0x00000000ab4b03e8,0x00000000af480000)
 Metaspace       used 79595K, capacity 83064K, committed 83248K, reserved 1122304K
  class space    used 10156K, capacity 10954K, committed 11056K, reserved 1048576K
Event: 1386.142 GC heap after
Heap after GC invocations=54 (full 5):
 PSYoungGen      total 320000K, used 319998K [0x00000000e0000000, 0x00000000fc180000, 0x0000000100000000)
  eden space 226304K, 100% used [0x00000000e0000000,0x00000000edd00000,0x00000000edd00000)
  from space 93696K, 99% used [0x00000000f6600000,0x00000000fc17fad0,0x00000000fc180000)
  to   space 88576K, 99% used [0x00000000edd00000,0x00000000f337d098,0x00000000f3380000)
 ParOldGen       total 250368K, used 250360K [0x00000000a0000000, 0x00000000af480000, 0x00000000e0000000)
  object space 250368K, 99% used [0x00000000a0000000,0x00000000af47e308,0x00000000af480000)
 Metaspace       used 79595K, capacity 83064K, committed 83248K, reserved 1122304K
  class space    used 10156K, capacity 10954K, committed 11056K, reserved 1048576K
}
Event: 1386.142 GC heap before
{Heap before GC invocations=55 (full 6):
 PSYoungGen      total 320000K, used 319998K [0x00000000e0000000, 0x00000000fc180000, 0x0000000100000000)
  eden space 226304K, 100% used [0x00000000e0000000,0x00000000edd00000,0x00000000edd00000)
  from space 93696K, 99% used [0x00000000f6600000,0x00000000fc17fad0,0x00000000fc180000)
  to   space 88576K, 99% used [0x00000000edd00000,0x00000000f337d098,0x00000000f3380000)
 ParOldGen       total 250368K, used 250360K [0x00000000a0000000, 0x00000000af480000, 0x00000000e0000000)
  object space 250368K, 99% used [0x00000000a0000000,0x00000000af47e308,0x00000000af480000)
 Metaspace       used 79595K, capacity 83064K, committed 83248K, reserved 1122304K
  class space    used 10156K, capacity 10954K, committed 11056K, reserved 1048576K
Event: 1386.620 GC heap after
Heap after GC invocations=55 (full 6):
 PSYoungGen      total 320000K, used 0K [0x00000000e0000000, 0x00000000fc180000, 0x0000000100000000)
  eden space 226304K, 0% used [0x00000000e0000000,0x00000000e0000000,0x00000000edd00000)
  from space 93696K, 0% used [0x00000000f6600000,0x00000000f6600000,0x00000000fc180000)
  to   space 88576K, 89% used [0x00000000edd00000,0x00000000f2ad8f70,0x00000000f3380000)
 ParOldGen       total 250368K, used 250022K [0x00000000a0000000, 0x00000000af480000, 0x00000000e0000000)
  object space 250368K, 99% used [0x00000000a0000000,0x00000000af429b50,0x00000000af480000)
 Metaspace       used 79595K, capacity 83064K, committed 83248K, reserved 1122304K
  class space    used 10156K, capacity 10954K, committed 11056K, reserved 1048576K
}

